====================================================================================================
🌽 春夏玉米干旱指数自动计算任务启动
🕒 启动时间: 2026-03-30 21:52:04
🐍 Python解释器: D:\anaconda\envs\corn_drought\python.exe
📝 日志文件: D:\pyproject\运行日志\maize_drought_run_20260330_215204.log
====================================================================================================

================================================================================
🚀 开始执行: SPI计算
📄 脚本路径: D:\pyproject\指数计算\SPI\SPI_Maize_Auto.py
🕒 开始时间: 2026-03-30 21:52:04
================================================================================
================ Summer_Maize ================
✅ 作物像元数: 18427
✅ 裁剪后尺寸: (271, 478)
🚀 开始计算 Summer_Maize - 9month
  📅 2001 年: 365 files
  📅 2002 年: 365 files
  📅 2003 年: 365 files
  📅 2004 年: 366 files
  📅 2005 年: 365 files
  📅 2006 年: 365 files
  📅 2007 年: 365 files
  📅 2008 年: 366 files
  📅 2009 年: 365 files
  📅 2010 年: 365 files
  📅 2011 年: 365 files
  📅 2012 年: 366 files
  📅 2013 年: 365 files
  📅 2014 年: 365 files
  📅 2015 年: 365 files
  📅 2016 年: 366 files
  📅 2017 年: 365 files
  📅 2018 年: 365 files
  📅 2019 年: 365 files
  📅 2020 年: 366 files
  📅 2021 年: 365 files
  📅 2022 年: 365 files
✅ 累计降水完成
🚀 开始 SPI 计算...
✅ SPI计算完成
✅ 时间长度: 7665
✅ 随机绘图完成
💾 正在保存...
🎉 完成: E:\data\SPI\Maize\SPI_9month_Summer_Maize.nc
================ Spring_Maize ================
✅ 作物像元数: 21944
✅ 裁剪后尺寸: (310, 595)
🚀 开始计算 Spring_Maize - 9month
  📅 2001 年: 365 files
  📅 2002 年: 365 files
  📅 2003 年: 365 files
  📅 2004 年: 366 files
  📅 2005 年: 365 files
  📅 2006 年: 365 files
  📅 2007 年: 365 files
  📅 2008 年: 366 files
  📅 2009 年: 365 files
  📅 2010 年: 365 files
  📅 2011 年: 365 files
  📅 2012 年: 366 files
  📅 2013 年: 365 files
  📅 2014 年: 365 files
  📅 2015 年: 365 files
  📅 2016 年: 366 files
  📅 2017 年: 365 files
  📅 2018 年: 365 files
  📅 2019 年: 365 files
  📅 2020 年: 366 files
  📅 2021 年: 365 files
  📅 2022 年: 365 files
✅ 累计降水完成
🚀 开始 SPI 计算...
✅ SPI计算完成
✅ 时间长度: 7665
✅ 随机绘图完成
💾 正在保存...
🎉 完成: E:\data\SPI\Maize\SPI_9month_Spring_Maize.nc
[0m
--------------------------------------------------------------------------------
✅ SPI计算 执行完成
⏱ 用时: 50.79 分钟
🕒 结束时间: 2026-03-30 22:42:51
--------------------------------------------------------------------------------

================================================================================
🚀 开始执行: SPEI计算
📄 脚本路径: D:\pyproject\指数计算\SPEI\SPEI_Maize_Auto.py
🕒 开始时间: 2026-03-30 22:42:51
================================================================================
================ Summer_Maize ================
✅ 作物像元数: 18427
🚀 Summer_Maize - 9month
📅 2001
📅 2002
📅 2003
📅 2004
📅 2005
📅 2006
📅 2007
📅 2008
📅 2009
📅 2010
📅 2011
📅 2012
📅 2013
📅 2014
📅 2015
📅 2016
📅 2017
📅 2018
📅 2019
📅 2020
📅 2021
📅 2022
✅ 有效时次: 7665
✅ SPEI完成
✅ 输出长度: 7665
🎉 保存完成: E:\data\SPEI\Maize\SPEI_9month_Summer_Maize.nc
================ Spring_Maize ================
✅ 作物像元数: 21944
🚀 Spring_Maize - 9month
📅 2001
📅 2002
📅 2003
📅 2004
📅 2005
📅 2006
📅 2007
📅 2008
📅 2009
📅 2010
📅 2011
📅 2012
📅 2013
📅 2014
📅 2015
📅 2016
📅 2017
📅 2018
📅 2019
📅 2020
📅 2021
📅 2022
✅ 有效时次: 7665
✅ SPEI完成
✅ 输出长度: 7665
🎉 保存完成: E:\data\SPEI\Maize\SPEI_9month_Spring_Maize.nc
✅ 全部完成
[0m
--------------------------------------------------------------------------------
✅ SPEI计算 执行完成
⏱ 用时: 51.89 分钟
🕒 结束时间: 2026-03-30 23:34:45
--------------------------------------------------------------------------------

================================================================================
🚀 开始执行: SEDI计算
📄 脚本路径: D:\pyproject\指数计算\SEDI\SEDI_Maize_Auto.py
🕒 开始时间: 2026-03-30 23:34:45
================================================================================
================ Summer_Maize ================
标准shape: (393, 688)
⚠️ mask降序 → flip
裁剪后shape: (271, 478)
lat范围: 21.221261146058332 ~ 48.22126114605833
lon范围: 74.88745743474661 ~ 122.58745743474661
有效作物像元数: 18427
🚀 开始计算 Summer_Maize - 9month
  📅 2001 年: 365 files
    ✅ 2001 年处理完成
  📅 2002 年: 365 files
    ✅ 2002 年处理完成
  📅 2003 年: 365 files
    ✅ 2003 年处理完成
  📅 2004 年: 366 files
    ✅ 2004 年处理完成
  📅 2005 年: 365 files
    ✅ 2005 年处理完成
  📅 2006 年: 365 files
    ✅ 2006 年处理完成
  📅 2007 年: 365 files
    ✅ 2007 年处理完成
  📅 2008 年: 366 files
    ✅ 2008 年处理完成
  📅 2009 年: 365 files
    ✅ 2009 年处理完成
  📅 2010 年: 365 files
    ✅ 2010 年处理完成
  📅 2011 年: 365 files
    ✅ 2011 年处理完成
  📅 2012 年: 366 files
    ✅ 2012 年处理完成
  📅 2013 年: 365 files
    ✅ 2013 年处理完成
  📅 2014 年: 365 files
    ✅ 2014 年处理完成
  📅 2015 年: 365 files
    ✅ 2015 年处理完成
  📅 2016 年: 366 files
    ✅ 2016 年处理完成
  📅 2017 年: 365 files
    ✅ 2017 年处理完成
  📅 2018 年: 365 files
    ✅ 2018 年处理完成
  📅 2019 年: 365 files
    ✅ 2019 年处理完成
  📅 2020 年: 366 files
    ✅ 2020 年处理完成
  📅 2021 年: 365 files
    ✅ 2021 年处理完成
  📅 2022 年: 365 files
    ✅ 2022 年处理完成
✅ 累计 ET-PET 完成
总读取文件数: 8035
有效输出日数: 7665
🚀 开始 SEDI 计算...
Traceback (most recent call last):
  File "D:\pyproject\指数计算\SEDI\SEDI_Maize_Auto.py", line 267, in <module>
    t, h, w = stack.shape
ValueError: too many values to unpack (expected 3)
[0m
--------------------------------------------------------------------------------
❌ SEDI计算 执行失败
返回码: 1
⏱ 已运行: 11.25 分钟
--------------------------------------------------------------------------------

⛔ 任务终止：前一脚本执行失败，后续脚本不再继续运行。
