====================================================================================================
🌽 春夏玉米干旱指数自动计算任务启动
🕒 启动时间: 2026-03-30 10:57:45
🐍 Python解释器: D:\anaconda\envs\corn_drought\python.exe
📝 日志文件: D:\pyproject\运行日志\maize_drought_run_20260330_105745.log
====================================================================================================

================================================================================
🚀 开始执行: SPI计算
📄 脚本路径: D:\pyproject\指数计算\SPI\SPI_Maize_Auto.py
🕒 开始时间: 2026-03-30 10:57:45
================================================================================
================ Summer_Maize ================
✅ 作物像元数: 18427
✅ 裁剪后尺寸: (271, 478)
🚀 开始计算 Summer_Maize - 9month
  📅 2001 年: 365 files
  📅 2002 年: 365 files
  📅 2003 年: 365 files
  📅 2004 年: 366 files
  📅 2005 年: 365 files
  📅 2006 年: 365 files
  📅 2007 年: 365 files
  📅 2008 年: 366 files
  📅 2009 年: 365 files
